{"C:\\Users\\GamePC\\AppData\\Local\\Temp\\vibe-kanban\\worktrees\\c988-make-sure-the-ga\\tower defence game\\src\\config\\EnemyConfig.ts": {"path":"C:\\Users\\GamePC\\AppData\\Local\\Temp\\vibe-kanban\\worktrees\\c988-make-sure-the-ga\\tower defence game\\src\\config\\EnemyConfig.ts","statementMap":{"0":{"start":{"line":17,"column":61},"end":{"line":50,"column":null}},"1":{"start":{"line":62,"column":15},"end":{"line":62,"column":null}},"2":{"start":{"line":63,"column":2},"end":{"line":68,"column":null}},"3":{"start":{"line":75,"column":34},"end":{"line":79,"column":null}}},"fnMap":{"0":{"name":"getScaledEnemyConfig","decl":{"start":{"line":56,"column":16},"end":{"line":56,"column":null}},"loc":{"start":{"line":61,"column":15},"end":{"line":69,"column":null}},"line":61}},"branchMap":{"0":{"loc":{"start":{"line":58,"column":2},"end":{"line":58,"column":null}},"type":"default-arg","locations":[{"start":{"line":58,"column":29},"end":{"line":58,"column":null}}],"line":58},"1":{"loc":{"start":{"line":59,"column":2},"end":{"line":59,"column":null}},"type":"default-arg","locations":[{"start":{"line":59,"column":28},"end":{"line":59,"column":null}}],"line":59},"2":{"loc":{"start":{"line":60,"column":2},"end":{"line":60,"column":null}},"type":"default-arg","locations":[{"start":{"line":60,"column":29},"end":{"line":60,"column":null}}],"line":60}},"s":{"0":1,"1":10,"2":10,"3":1},"f":{"0":10},"b":{"0":[10],"1":[10],"2":[10]},"meta":{"lastBranch":3,"lastFunction":1,"lastStatement":4,"seen":{"s:17:61:50:Infinity":0,"f:56:16:56:Infinity":0,"b:58:29:58:Infinity":0,"b:59:28:59:Infinity":1,"b:60:29:60:Infinity":2,"s:62:15:62:Infinity":1,"s:63:2:68:Infinity":2,"s:75:34:79:Infinity":3}}}
,"C:\\Users\\GamePC\\AppData\\Local\\Temp\\vibe-kanban\\worktrees\\c988-make-sure-the-ga\\tower defence game\\src\\config\\WaveConfig.ts": {"path":"C:\\Users\\GamePC\\AppData\\Local\\Temp\\vibe-kanban\\worktrees\\c988-make-sure-the-ga\\tower defence game\\src\\config\\WaveConfig.ts","statementMap":{"0":{"start":{"line":16,"column":50},"end":{"line":118,"column":null}},"1":{"start":{"line":124,"column":27},"end":{"line":127,"column":null}},"2":{"start":{"line":133,"column":2},"end":{"line":133,"column":null}},"3":{"start":{"line":133,"column":45},"end":{"line":133,"column":64}},"4":{"start":{"line":140,"column":2},"end":{"line":140,"column":null}},"5":{"start":{"line":140,"column":37},"end":{"line":140,"column":68}}},"fnMap":{"0":{"name":"getWaveEnemyCount","decl":{"start":{"line":132,"column":16},"end":{"line":132,"column":34}},"loc":{"start":{"line":132,"column":64},"end":{"line":134,"column":null}},"line":132},"1":{"name":"(anonymous_1)","decl":{"start":{"line":133,"column":29},"end":{"line":133,"column":30}},"loc":{"start":{"line":133,"column":45},"end":{"line":133,"column":64}},"line":133},"2":{"name":"getTotalEnemyCount","decl":{"start":{"line":139,"column":16},"end":{"line":139,"column":35}},"loc":{"start":{"line":139,"column":87},"end":{"line":141,"column":null}},"line":139},"3":{"name":"(anonymous_3)","decl":{"start":{"line":140,"column":22},"end":{"line":140,"column":23}},"loc":{"start":{"line":140,"column":37},"end":{"line":140,"column":68}},"line":140}},"branchMap":{"0":{"loc":{"start":{"line":139,"column":35},"end":{"line":139,"column":87}},"type":"default-arg","locations":[{"start":{"line":139,"column":61},"end":{"line":139,"column":87}}],"line":139}},"s":{"0":1,"1":1,"2":18,"3":33,"4":3,"5":12},"f":{"0":18,"1":33,"2":3,"3":12},"b":{"0":[3]},"meta":{"lastBranch":1,"lastFunction":4,"lastStatement":6,"seen":{"s:16:50:118:Infinity":0,"s:124:27:127:Infinity":1,"f:132:16:132:34":0,"s:133:2:133:Infinity":2,"f:133:29:133:30":1,"s:133:45:133:64":3,"f:139:16:139:35":2,"b:139:61:139:87":0,"s:140:2:140:Infinity":4,"f:140:22:140:23":3,"s:140:37:140:68":5}}}
,"C:\\Users\\GamePC\\AppData\\Local\\Temp\\vibe-kanban\\worktrees\\c988-make-sure-the-ga\\tower defence game\\src\\core\\GameLoop.ts": {"path":"C:\\Users\\GamePC\\AppData\\Local\\Temp\\vibe-kanban\\worktrees\\c988-make-sure-the-ga\\tower defence game\\src\\core\\GameLoop.ts","statementMap":{"0":{"start":{"line":4,"column":57},"end":{"line":4,"column":null}},"1":{"start":{"line":5,"column":29},"end":{"line":5,"column":null}},"2":{"start":{"line":6,"column":28},"end":{"line":6,"column":null}},"3":{"start":{"line":9,"column":4},"end":{"line":9,"column":null}},"4":{"start":{"line":10,"column":4},"end":{"line":10,"column":null}},"5":{"start":{"line":14,"column":4},"end":{"line":14,"column":null}},"6":{"start":{"line":18,"column":4},"end":{"line":18,"column":null}},"7":{"start":{"line":22,"column":4},"end":{"line":22,"column":null}},"8":{"start":{"line":26,"column":4},"end":{"line":28,"column":null}},"9":{"start":{"line":27,"column":6},"end":{"line":27,"column":null}},"10":{"start":{"line":30,"column":4},"end":{"line":32,"column":null}},"11":{"start":{"line":31,"column":6},"end":{"line":31,"column":null}},"12":{"start":{"line":36,"column":4},"end":{"line":38,"column":null}},"13":{"start":{"line":37,"column":6},"end":{"line":37,"column":null}},"14":{"start":{"line":39,"column":4},"end":{"line":39,"column":null}},"15":{"start":{"line":43,"column":4},"end":{"line":43,"column":null}},"16":{"start":{"line":47,"column":4},"end":{"line":47,"column":null}},"17":{"start":{"line":51,"column":4},"end":{"line":51,"column":null}},"18":{"start":{"line":55,"column":4},"end":{"line":55,"column":null}},"19":{"start":{"line":59,"column":4},"end":{"line":59,"column":null}},"20":{"start":{"line":63,"column":4},"end":{"line":63,"column":null}}},"fnMap":{"0":{"name":"(anonymous_0)","decl":{"start":{"line":8,"column":2},"end":{"line":8,"column":16}},"loc":{"start":{"line":8,"column":16},"end":{"line":11,"column":null}},"line":8},"1":{"name":"(anonymous_1)","decl":{"start":{"line":13,"column":2},"end":{"line":13,"column":16}},"loc":{"start":{"line":13,"column":16},"end":{"line":15,"column":null}},"line":13},"2":{"name":"(anonymous_2)","decl":{"start":{"line":17,"column":2},"end":{"line":17,"column":17}},"loc":{"start":{"line":17,"column":17},"end":{"line":19,"column":null}},"line":17},"3":{"name":"(anonymous_3)","decl":{"start":{"line":21,"column":2},"end":{"line":21,"column":15}},"loc":{"start":{"line":21,"column":15},"end":{"line":23,"column":null}},"line":21},"4":{"name":"(anonymous_4)","decl":{"start":{"line":25,"column":2},"end":{"line":25,"column":9}},"loc":{"start":{"line":25,"column":34},"end":{"line":33,"column":null}},"line":25},"5":{"name":"(anonymous_5)","decl":{"start":{"line":35,"column":2},"end":{"line":35,"column":20}},"loc":{"start":{"line":35,"column":64},"end":{"line":40,"column":null}},"line":35},"6":{"name":"(anonymous_6)","decl":{"start":{"line":42,"column":2},"end":{"line":42,"column":23}},"loc":{"start":{"line":42,"column":44},"end":{"line":44,"column":null}},"line":42},"7":{"name":"(anonymous_7)","decl":{"start":{"line":46,"column":2},"end":{"line":46,"column":20}},"loc":{"start":{"line":46,"column":41},"end":{"line":48,"column":null}},"line":46},"8":{"name":"(anonymous_8)","decl":{"start":{"line":50,"column":2},"end":{"line":50,"column":28}},"loc":{"start":{"line":50,"column":28},"end":{"line":52,"column":null}},"line":50},"9":{"name":"(anonymous_9)","decl":{"start":{"line":54,"column":2},"end":{"line":54,"column":29}},"loc":{"start":{"line":54,"column":29},"end":{"line":56,"column":null}},"line":54},"10":{"name":"(anonymous_10)","decl":{"start":{"line":58,"column":6},"end":{"line":58,"column":27}},"loc":{"start":{"line":58,"column":27},"end":{"line":60,"column":null}},"line":58},"11":{"name":"(anonymous_11)","decl":{"start":{"line":62,"column":6},"end":{"line":62,"column":26}},"loc":{"start":{"line":62,"column":26},"end":{"line":64,"column":null}},"line":62}},"branchMap":{"0":{"loc":{"start":{"line":26,"column":4},"end":{"line":28,"column":null}},"type":"if","locations":[{"start":{"line":26,"column":4},"end":{"line":28,"column":null}},{"start":{},"end":{}}],"line":26},"1":{"loc":{"start":{"line":26,"column":8},"end":{"line":26,"column":38}},"type":"binary-expr","locations":[{"start":{"line":26,"column":8},"end":{"line":26,"column":25}},{"start":{"line":26,"column":25},"end":{"line":26,"column":38}}],"line":26},"2":{"loc":{"start":{"line":36,"column":4},"end":{"line":38,"column":null}},"type":"if","locations":[{"start":{"line":36,"column":4},"end":{"line":38,"column":null}},{"start":{},"end":{}}],"line":36}},"s":{"0":22,"1":22,"2":22,"3":12,"4":12,"5":4,"6":1,"7":1,"8":9,"9":2,"10":7,"11":7,"12":18,"13":1,"14":18,"15":2,"16":2,"17":2,"18":3,"19":3,"20":4},"f":{"0":12,"1":4,"2":1,"3":1,"4":9,"5":18,"6":2,"7":2,"8":2,"9":3,"10":3,"11":4},"b":{"0":[2,7],"1":[9,8],"2":[1,17]},"meta":{"lastBranch":3,"lastFunction":12,"lastStatement":21,"seen":{"s:4:57:4:Infinity":0,"s:5:29:5:Infinity":1,"s:6:28:6:Infinity":2,"f:8:2:8:16":0,"s:9:4:9:Infinity":3,"s:10:4:10:Infinity":4,"f:13:2:13:16":1,"s:14:4:14:Infinity":5,"f:17:2:17:17":2,"s:18:4:18:Infinity":6,"f:21:2:21:15":3,"s:22:4:22:Infinity":7,"f:25:2:25:9":4,"b:26:4:28:Infinity:undefined:undefined:undefined:undefined":0,"s:26:4:28:Infinity":8,"b:26:8:26:25:26:25:26:38":1,"s:27:6:27:Infinity":9,"s:30:4:32:Infinity":10,"s:31:6:31:Infinity":11,"f:35:2:35:20":5,"b:36:4:38:Infinity:undefined:undefined:undefined:undefined":2,"s:36:4:38:Infinity":12,"s:37:6:37:Infinity":13,"s:39:4:39:Infinity":14,"f:42:2:42:23":6,"s:43:4:43:Infinity":15,"f:46:2:46:20":7,"s:47:4:47:Infinity":16,"f:50:2:50:28":8,"s:51:4:51:Infinity":17,"f:54:2:54:29":9,"s:55:4:55:Infinity":18,"f:58:6:58:27":10,"s:59:4:59:Infinity":19,"f:62:6:62:26":11,"s:63:4:63:Infinity":20}}}
,"C:\\Users\\GamePC\\AppData\\Local\\Temp\\vibe-kanban\\worktrees\\c988-make-sure-the-ga\\tower defence game\\src\\core\\state\\GameState.ts": {"path":"C:\\Users\\GamePC\\AppData\\Local\\Temp\\vibe-kanban\\worktrees\\c988-make-sure-the-ga\\tower defence game\\src\\core\\state\\GameState.ts","statementMap":{"0":{"start":{"line":1,"column":7},"end":{"line":1,"column":null}},"1":{"start":{"line":2,"column":2},"end":{"line":2,"column":null}},"2":{"start":{"line":3,"column":2},"end":{"line":3,"column":null}},"3":{"start":{"line":4,"column":2},"end":{"line":4,"column":null}},"4":{"start":{"line":5,"column":2},"end":{"line":5,"column":null}},"5":{"start":{"line":6,"column":2},"end":{"line":6,"column":null}},"6":{"start":{"line":7,"column":2},"end":{"line":7,"column":null}},"7":{"start":{"line":1,"column":12},"end":{"line":1,"column":null}},"8":{"start":{"line":19,"column":54},"end":{"line":26,"column":null}}},"fnMap":{"0":{"name":"(anonymous_0)","decl":{"start":{"line":1,"column":7},"end":{"line":1,"column":12}},"loc":{"start":{"line":1,"column":7},"end":{"line":1,"column":null}},"line":1}},"branchMap":{"0":{"loc":{"start":{"line":1,"column":12},"end":{"line":1,"column":null}},"type":"binary-expr","locations":[{"start":{"line":1,"column":12},"end":{"line":1,"column":null}},{"start":{"line":1,"column":12},"end":{"line":1,"column":null}}],"line":1}},"s":{"0":1,"1":1,"2":1,"3":1,"4":1,"5":1,"6":1,"7":1,"8":1},"f":{"0":1},"b":{"0":[1,1]},"meta":{"lastBranch":1,"lastFunction":1,"lastStatement":9,"seen":{"s:1:7:1:Infinity":0,"f:1:7:1:12":0,"s:2:2:2:Infinity":1,"s:3:2:3:Infinity":2,"s:4:2:4:Infinity":3,"s:5:2:5:Infinity":4,"s:6:2:6:Infinity":5,"s:7:2:7:Infinity":6,"s:1:12:1:Infinity":7,"b:1:12:1:Infinity:1:12:1:Infinity":0,"s:19:54:26:Infinity":8}}}
,"C:\\Users\\GamePC\\AppData\\Local\\Temp\\vibe-kanban\\worktrees\\c988-make-sure-the-ga\\tower defence game\\src\\core\\state\\GameStateManager.ts": {"path":"C:\\Users\\GamePC\\AppData\\Local\\Temp\\vibe-kanban\\worktrees\\c988-make-sure-the-ga\\tower defence game\\src\\core\\state\\GameStateManager.ts","statementMap":{"0":{"start":{"line":31,"column":36},"end":{"line":31,"column":null}},"1":{"start":{"line":34,"column":67},"end":{"line":34,"column":null}},"2":{"start":{"line":35,"column":72},"end":{"line":35,"column":null}},"3":{"start":{"line":38,"column":4},"end":{"line":38,"column":null}},"4":{"start":{"line":39,"column":4},"end":{"line":39,"column":null}},"5":{"start":{"line":43,"column":4},"end":{"line":49,"column":null}},"6":{"start":{"line":53,"column":4},"end":{"line":53,"column":null}},"7":{"start":{"line":57,"column":4},"end":{"line":57,"column":null}},"8":{"start":{"line":61,"column":4},"end":{"line":61,"column":null}},"9":{"start":{"line":65,"column":4},"end":{"line":65,"column":null}},"10":{"start":{"line":69,"column":4},"end":{"line":69,"column":null}},"11":{"start":{"line":73,"column":4},"end":{"line":73,"column":null}},"12":{"start":{"line":77,"column":4},"end":{"line":77,"column":null}},"13":{"start":{"line":81,"column":4},"end":{"line":81,"column":null}},"14":{"start":{"line":85,"column":4},"end":{"line":85,"column":null}},"15":{"start":{"line":89,"column":4},"end":{"line":89,"column":null}},"16":{"start":{"line":89,"column":40},"end":{"line":89,"column":null}},"17":{"start":{"line":91,"column":21},"end":{"line":91,"column":null}},"18":{"start":{"line":92,"column":4},"end":{"line":92,"column":null}},"19":{"start":{"line":94,"column":4},"end":{"line":94,"column":null}},"20":{"start":{"line":98,"column":4},"end":{"line":98,"column":null}},"21":{"start":{"line":102,"column":4},"end":{"line":105,"column":null}},"22":{"start":{"line":103,"column":6},"end":{"line":103,"column":null}},"23":{"start":{"line":104,"column":6},"end":{"line":104,"column":null}},"24":{"start":{"line":109,"column":4},"end":{"line":112,"column":null}},"25":{"start":{"line":110,"column":6},"end":{"line":110,"column":null}},"26":{"start":{"line":111,"column":6},"end":{"line":111,"column":null}},"27":{"start":{"line":116,"column":4},"end":{"line":119,"column":null}},"28":{"start":{"line":117,"column":6},"end":{"line":117,"column":null}},"29":{"start":{"line":118,"column":6},"end":{"line":118,"column":null}},"30":{"start":{"line":123,"column":4},"end":{"line":126,"column":null}},"31":{"start":{"line":124,"column":6},"end":{"line":124,"column":null}},"32":{"start":{"line":125,"column":6},"end":{"line":125,"column":null}},"33":{"start":{"line":130,"column":4},"end":{"line":133,"column":null}},"34":{"start":{"line":131,"column":6},"end":{"line":131,"column":null}},"35":{"start":{"line":132,"column":6},"end":{"line":132,"column":null}},"36":{"start":{"line":137,"column":4},"end":{"line":137,"column":null}},"37":{"start":{"line":138,"column":4},"end":{"line":138,"column":null}},"38":{"start":{"line":140,"column":4},"end":{"line":142,"column":null}},"39":{"start":{"line":141,"column":6},"end":{"line":141,"column":null}},"40":{"start":{"line":146,"column":4},"end":{"line":146,"column":null}},"41":{"start":{"line":147,"column":4},"end":{"line":147,"column":null}},"42":{"start":{"line":151,"column":4},"end":{"line":155,"column":null}},"43":{"start":{"line":152,"column":6},"end":{"line":152,"column":null}},"44":{"start":{"line":153,"column":6},"end":{"line":153,"column":null}},"45":{"start":{"line":154,"column":6},"end":{"line":154,"column":null}},"46":{"start":{"line":156,"column":4},"end":{"line":156,"column":null}},"47":{"start":{"line":160,"column":4},"end":{"line":160,"column":null}},"48":{"start":{"line":161,"column":4},"end":{"line":161,"column":null}},"49":{"start":{"line":165,"column":4},"end":{"line":165,"column":null}},"50":{"start":{"line":166,"column":4},"end":{"line":166,"column":null}},"51":{"start":{"line":168,"column":4},"end":{"line":170,"column":null}},"52":{"start":{"line":169,"column":6},"end":{"line":169,"column":null}},"53":{"start":{"line":174,"column":4},"end":{"line":174,"column":null}},"54":{"start":{"line":175,"column":4},"end":{"line":175,"column":null}},"55":{"start":{"line":179,"column":24},"end":{"line":179,"column":null}},"56":{"start":{"line":180,"column":4},"end":{"line":180,"column":null}},"57":{"start":{"line":181,"column":4},"end":{"line":181,"column":null}},"58":{"start":{"line":185,"column":4},"end":{"line":185,"column":null}},"59":{"start":{"line":186,"column":4},"end":{"line":186,"column":null}},"60":{"start":{"line":187,"column":4},"end":{"line":187,"column":null}},"61":{"start":{"line":191,"column":4},"end":{"line":191,"column":null}},"62":{"start":{"line":195,"column":4},"end":{"line":195,"column":null}},"63":{"start":{"line":199,"column":4},"end":{"line":201,"column":null}},"64":{"start":{"line":200,"column":6},"end":{"line":200,"column":null}},"65":{"start":{"line":202,"column":4},"end":{"line":202,"column":null}},"66":{"start":{"line":206,"column":21},"end":{"line":206,"column":null}},"67":{"start":{"line":207,"column":4},"end":{"line":209,"column":null}},"68":{"start":{"line":208,"column":6},"end":{"line":208,"column":null}},"69":{"start":{"line":210,"column":4},"end":{"line":210,"column":null}},"70":{"start":{"line":214,"column":47},"end":{"line":217,"column":null}},"71":{"start":{"line":215,"column":6},"end":{"line":215,"column":null}},"72":{"start":{"line":216,"column":6},"end":{"line":216,"column":null}},"73":{"start":{"line":218,"column":4},"end":{"line":218,"column":null}},"74":{"start":{"line":222,"column":4},"end":{"line":224,"column":null}},"75":{"start":{"line":223,"column":6},"end":{"line":223,"column":null}},"76":{"start":{"line":228,"column":21},"end":{"line":228,"column":null}},"77":{"start":{"line":229,"column":4},"end":{"line":233,"column":null}},"78":{"start":{"line":230,"column":6},"end":{"line":232,"column":null}},"79":{"start":{"line":231,"column":8},"end":{"line":231,"column":null}},"80":{"start":{"line":237,"column":4},"end":{"line":237,"column":null}},"81":{"start":{"line":238,"column":4},"end":{"line":238,"column":null}},"82":{"start":{"line":246,"column":4},"end":{"line":246,"column":null}},"83":{"start":{"line":247,"column":4},"end":{"line":247,"column":null}},"84":{"start":{"line":248,"column":4},"end":{"line":248,"column":null}}},"fnMap":{"0":{"name":"(anonymous_0)","decl":{"start":{"line":37,"column":2},"end":{"line":37,"column":14}},"loc":{"start":{"line":37,"column":51},"end":{"line":40,"column":null}},"line":37},"1":{"name":"(anonymous_1)","decl":{"start":{"line":42,"column":10},"end":{"line":42,"column":28}},"loc":{"start":{"line":42,"column":75},"end":{"line":50,"column":null}},"line":42},"2":{"name":"(anonymous_2)","decl":{"start":{"line":52,"column":6},"end":{"line":52,"column":25}},"loc":{"start":{"line":52,"column":25},"end":{"line":54,"column":null}},"line":52},"3":{"name":"(anonymous_3)","decl":{"start":{"line":56,"column":6},"end":{"line":56,"column":43}},"loc":{"start":{"line":56,"column":43},"end":{"line":58,"column":null}},"line":56},"4":{"name":"(anonymous_4)","decl":{"start":{"line":60,"column":6},"end":{"line":60,"column":22}},"loc":{"start":{"line":60,"column":22},"end":{"line":62,"column":null}},"line":60},"5":{"name":"(anonymous_5)","decl":{"start":{"line":64,"column":6},"end":{"line":64,"column":21}},"loc":{"start":{"line":64,"column":21},"end":{"line":66,"column":null}},"line":64},"6":{"name":"(anonymous_6)","decl":{"start":{"line":68,"column":6},"end":{"line":68,"column":28}},"loc":{"start":{"line":68,"column":28},"end":{"line":70,"column":null}},"line":68},"7":{"name":"(anonymous_7)","decl":{"start":{"line":72,"column":6},"end":{"line":72,"column":22}},"loc":{"start":{"line":72,"column":22},"end":{"line":74,"column":null}},"line":72},"8":{"name":"(anonymous_8)","decl":{"start":{"line":76,"column":6},"end":{"line":76,"column":27}},"loc":{"start":{"line":76,"column":27},"end":{"line":78,"column":null}},"line":76},"9":{"name":"(anonymous_9)","decl":{"start":{"line":80,"column":6},"end":{"line":80,"column":28}},"loc":{"start":{"line":80,"column":28},"end":{"line":82,"column":null}},"line":80},"10":{"name":"(anonymous_10)","decl":{"start":{"line":84,"column":6},"end":{"line":84,"column":27}},"loc":{"start":{"line":84,"column":27},"end":{"line":86,"column":null}},"line":84},"11":{"name":"(anonymous_11)","decl":{"start":{"line":88,"column":2},"end":{"line":88,"column":11}},"loc":{"start":{"line":88,"column":38},"end":{"line":95,"column":null}},"line":88},"12":{"name":"(anonymous_12)","decl":{"start":{"line":97,"column":2},"end":{"line":97,"column":27}},"loc":{"start":{"line":97,"column":27},"end":{"line":99,"column":null}},"line":97},"13":{"name":"(anonymous_13)","decl":{"start":{"line":101,"column":2},"end":{"line":101,"column":20}},"loc":{"start":{"line":101,"column":20},"end":{"line":106,"column":null}},"line":101},"14":{"name":"(anonymous_14)","decl":{"start":{"line":108,"column":2},"end":{"line":108,"column":20}},"loc":{"start":{"line":108,"column":20},"end":{"line":113,"column":null}},"line":108},"15":{"name":"(anonymous_15)","decl":{"start":{"line":115,"column":2},"end":{"line":115,"column":21}},"loc":{"start":{"line":115,"column":21},"end":{"line":120,"column":null}},"line":115},"16":{"name":"(anonymous_16)","decl":{"start":{"line":122,"column":2},"end":{"line":122,"column":26}},"loc":{"start":{"line":122,"column":26},"end":{"line":127,"column":null}},"line":122},"17":{"name":"(anonymous_17)","decl":{"start":{"line":129,"column":2},"end":{"line":129,"column":25}},"loc":{"start":{"line":129,"column":25},"end":{"line":134,"column":null}},"line":129},"18":{"name":"(anonymous_18)","decl":{"start":{"line":136,"column":2},"end":{"line":136,"column":11}},"loc":{"start":{"line":136,"column":37},"end":{"line":143,"column":null}},"line":136},"19":{"name":"(anonymous_19)","decl":{"start":{"line":145,"column":2},"end":{"line":145,"column":10}},"loc":{"start":{"line":145,"column":32},"end":{"line":148,"column":null}},"line":145},"20":{"name":"(anonymous_20)","decl":{"start":{"line":150,"column":2},"end":{"line":150,"column":12}},"loc":{"start":{"line":150,"column":37},"end":{"line":157,"column":null}},"line":150},"21":{"name":"(anonymous_21)","decl":{"start":{"line":159,"column":2},"end":{"line":159,"column":11}},"loc":{"start":{"line":159,"column":33},"end":{"line":162,"column":null}},"line":159},"22":{"name":"(anonymous_22)","decl":{"start":{"line":164,"column":2},"end":{"line":164,"column":22}},"loc":{"start":{"line":164,"column":22},"end":{"line":171,"column":null}},"line":164},"23":{"name":"(anonymous_23)","decl":{"start":{"line":173,"column":2},"end":{"line":173,"column":10}},"loc":{"start":{"line":173,"column":30},"end":{"line":176,"column":null}},"line":173},"24":{"name":"(anonymous_24)","decl":{"start":{"line":178,"column":2},"end":{"line":178,"column":8}},"loc":{"start":{"line":178,"column":47},"end":{"line":182,"column":null}},"line":178},"25":{"name":"(anonymous_25)","decl":{"start":{"line":184,"column":2},"end":{"line":184,"column":18}},"loc":{"start":{"line":184,"column":18},"end":{"line":188,"column":null}},"line":184},"26":{"name":"(anonymous_26)","decl":{"start":{"line":190,"column":2},"end":{"line":190,"column":16}},"loc":{"start":{"line":190,"column":65},"end":{"line":192,"column":null}},"line":190},"27":{"name":"(anonymous_27)","decl":{"start":{"line":194,"column":2},"end":{"line":194,"column":17}},"loc":{"start":{"line":194,"column":38},"end":{"line":196,"column":null}},"line":194},"28":{"name":"(anonymous_28)","decl":{"start":{"line":198,"column":2},"end":{"line":198,"column":5}},"loc":{"start":{"line":198,"column":78},"end":{"line":203,"column":null}},"line":198},"29":{"name":"(anonymous_29)","decl":{"start":{"line":205,"column":2},"end":{"line":205,"column":6}},"loc":{"start":{"line":205,"column":53},"end":{"line":211,"column":null}},"line":205},"30":{"name":"(anonymous_30)","decl":{"start":{"line":213,"column":2},"end":{"line":213,"column":7}},"loc":{"start":{"line":213,"column":80},"end":{"line":219,"column":null}},"line":213},"31":{"name":"(anonymous_31)","decl":{"start":{"line":214,"column":47},"end":{"line":214,"column":48}},"loc":{"start":{"line":214,"column":57},"end":{"line":217,"column":null}},"line":214},"32":{"name":"(anonymous_32)","decl":{"start":{"line":221,"column":10},"end":{"line":221,"column":28}},"loc":{"start":{"line":221,"column":76},"end":{"line":225,"column":null}},"line":221},"33":{"name":"(anonymous_33)","decl":{"start":{"line":222,"column":38},"end":{"line":222,"column":39}},"loc":{"start":{"line":222,"column":52},"end":{"line":224,"column":5}},"line":222},"34":{"name":"(anonymous_34)","decl":{"start":{"line":227,"column":10},"end":{"line":227,"column":20}},"loc":{"start":{"line":227,"column":52},"end":{"line":234,"column":null}},"line":227},"35":{"name":"(anonymous_35)","decl":{"start":{"line":230,"column":23},"end":{"line":230,"column":24}},"loc":{"start":{"line":230,"column":37},"end":{"line":232,"column":7}},"line":230},"36":{"name":"(anonymous_36)","decl":{"start":{"line":236,"column":2},"end":{"line":236,"column":28}},"loc":{"start":{"line":236,"column":28},"end":{"line":239,"column":null}},"line":236},"37":{"name":"(anonymous_37)","decl":{"start":{"line":245,"column":2},"end":{"line":245,"column":18}},"loc":{"start":{"line":245,"column":18},"end":{"line":249,"column":null}},"line":245}},"branchMap":{"0":{"loc":{"start":{"line":37,"column":14},"end":{"line":37,"column":51}},"type":"default-arg","locations":[{"start":{"line":37,"column":47},"end":{"line":37,"column":51}}],"line":37},"1":{"loc":{"start":{"line":45,"column":13},"end":{"line":45,"column":null}},"type":"binary-expr","locations":[{"start":{"line":45,"column":13},"end":{"line":45,"column":36}},{"start":{"line":45,"column":36},"end":{"line":45,"column":null}}],"line":45},"2":{"loc":{"start":{"line":46,"column":16},"end":{"line":46,"column":null}},"type":"binary-expr","locations":[{"start":{"line":46,"column":16},"end":{"line":46,"column":39}},{"start":{"line":46,"column":39},"end":{"line":46,"column":null}}],"line":46},"3":{"loc":{"start":{"line":47,"column":12},"end":{"line":47,"column":null}},"type":"binary-expr","locations":[{"start":{"line":47,"column":12},"end":{"line":47,"column":34}},{"start":{"line":47,"column":34},"end":{"line":47,"column":null}}],"line":47},"4":{"loc":{"start":{"line":48,"column":18},"end":{"line":48,"column":null}},"type":"binary-expr","locations":[{"start":{"line":48,"column":18},"end":{"line":48,"column":39}},{"start":{"line":48,"column":39},"end":{"line":48,"column":null}}],"line":48},"5":{"loc":{"start":{"line":89,"column":4},"end":{"line":89,"column":null}},"type":"if","locations":[{"start":{"line":89,"column":4},"end":{"line":89,"column":null}},{"start":{},"end":{}}],"line":89},"6":{"loc":{"start":{"line":102,"column":4},"end":{"line":105,"column":null}},"type":"if","locations":[{"start":{"line":102,"column":4},"end":{"line":105,"column":null}},{"start":{},"end":{}}],"line":102},"7":{"loc":{"start":{"line":102,"column":8},"end":{"line":102,"column":89}},"type":"binary-expr","locations":[{"start":{"line":102,"column":8},"end":{"line":102,"column":48}},{"start":{"line":102,"column":48},"end":{"line":102,"column":89}}],"line":102},"8":{"loc":{"start":{"line":109,"column":4},"end":{"line":112,"column":null}},"type":"if","locations":[{"start":{"line":109,"column":4},"end":{"line":112,"column":null}},{"start":{},"end":{}}],"line":109},"9":{"loc":{"start":{"line":116,"column":4},"end":{"line":119,"column":null}},"type":"if","locations":[{"start":{"line":116,"column":4},"end":{"line":119,"column":null}},{"start":{},"end":{}}],"line":116},"10":{"loc":{"start":{"line":123,"column":4},"end":{"line":126,"column":null}},"type":"if","locations":[{"start":{"line":123,"column":4},"end":{"line":126,"column":null}},{"start":{},"end":{}}],"line":123},"11":{"loc":{"start":{"line":130,"column":4},"end":{"line":133,"column":null}},"type":"if","locations":[{"start":{"line":130,"column":4},"end":{"line":133,"column":null}},{"start":{},"end":{}}],"line":130},"12":{"loc":{"start":{"line":136,"column":11},"end":{"line":136,"column":37}},"type":"default-arg","locations":[{"start":{"line":136,"column":28},"end":{"line":136,"column":37}}],"line":136},"13":{"loc":{"start":{"line":140,"column":4},"end":{"line":142,"column":null}},"type":"if","locations":[{"start":{"line":140,"column":4},"end":{"line":142,"column":null}},{"start":{},"end":{}}],"line":140},"14":{"loc":{"start":{"line":151,"column":4},"end":{"line":155,"column":null}},"type":"if","locations":[{"start":{"line":151,"column":4},"end":{"line":155,"column":null}},{"start":{},"end":{}}],"line":151},"15":{"loc":{"start":{"line":168,"column":4},"end":{"line":170,"column":null}},"type":"if","locations":[{"start":{"line":168,"column":4},"end":{"line":170,"column":null}},{"start":{},"end":{}}],"line":168},"16":{"loc":{"start":{"line":179,"column":24},"end":{"line":179,"column":null}},"type":"binary-expr","locations":[{"start":{"line":179,"column":24},"end":{"line":179,"column":34}},{"start":{"line":179,"column":34},"end":{"line":179,"column":null}}],"line":179},"17":{"loc":{"start":{"line":199,"column":4},"end":{"line":201,"column":null}},"type":"if","locations":[{"start":{"line":199,"column":4},"end":{"line":201,"column":null}},{"start":{},"end":{}}],"line":199},"18":{"loc":{"start":{"line":207,"column":4},"end":{"line":209,"column":null}},"type":"if","locations":[{"start":{"line":207,"column":4},"end":{"line":209,"column":null}},{"start":{},"end":{}}],"line":207},"19":{"loc":{"start":{"line":229,"column":4},"end":{"line":233,"column":null}},"type":"if","locations":[{"start":{"line":229,"column":4},"end":{"line":233,"column":null}},{"start":{},"end":{}}],"line":229}},"s":{"0":58,"1":58,"2":58,"3":58,"4":58,"5":63,"6":14,"7":14,"8":7,"9":7,"10":4,"11":3,"12":2,"13":2,"14":2,"15":46,"16":3,"17":43,"18":43,"19":43,"20":2,"21":34,"22":33,"23":33,"24":3,"25":2,"26":2,"27":2,"28":1,"29":1,"30":4,"31":3,"32":3,"33":3,"34":2,"35":2,"36":10,"37":10,"38":10,"39":2,"40":7,"41":7,"42":3,"43":2,"44":2,"45":2,"46":1,"47":6,"48":6,"49":7,"50":7,"51":7,"52":1,"53":2,"54":2,"55":4,"56":4,"57":4,"58":2,"59":2,"60":2,"61":6,"62":1,"63":11,"64":11,"65":11,"66":4,"67":4,"68":2,"69":2,"70":1,"71":1,"72":1,"73":1,"74":43,"75":2,"76":81,"77":81,"78":11,"79":9,"80":2,"81":2,"82":1,"83":1,"84":1},"f":{"0":58,"1":63,"2":14,"3":14,"4":7,"5":7,"6":4,"7":3,"8":2,"9":2,"10":2,"11":46,"12":2,"13":34,"14":3,"15":2,"16":4,"17":3,"18":10,"19":7,"20":3,"21":6,"22":7,"23":2,"24":4,"25":2,"26":6,"27":1,"28":11,"29":4,"30":1,"31":1,"32":43,"33":2,"34":81,"35":9,"36":2,"37":1},"b":{"0":[58],"1":[63,62],"2":[63,62],"3":[63,62],"4":[63,58],"5":[3,43],"6":[33,1],"7":[34,33],"8":[2,1],"9":[1,1],"10":[3,1],"11":[2,1],"12":[10],"13":[2,8],"14":[2,1],"15":[1,6],"16":[4,4],"17":[11,0],"18":[2,2],"19":[11,70]},"meta":{"lastBranch":20,"lastFunction":38,"lastStatement":85,"seen":{"s:31:36:31:Infinity":0,"s:34:67:34:Infinity":1,"s:35:72:35:Infinity":2,"f:37:2:37:14":0,"b:37:47:37:51":0,"s:38:4:38:Infinity":3,"s:39:4:39:Infinity":4,"f:42:10:42:28":1,"s:43:4:49:Infinity":5,"b:45:13:45:36:45:36:45:Infinity":1,"b:46:16:46:39:46:39:46:Infinity":2,"b:47:12:47:34:47:34:47:Infinity":3,"b:48:18:48:39:48:39:48:Infinity":4,"f:52:6:52:25":2,"s:53:4:53:Infinity":6,"f:56:6:56:43":3,"s:57:4:57:Infinity":7,"f:60:6:60:22":4,"s:61:4:61:Infinity":8,"f:64:6:64:21":5,"s:65:4:65:Infinity":9,"f:68:6:68:28":6,"s:69:4:69:Infinity":10,"f:72:6:72:22":7,"s:73:4:73:Infinity":11,"f:76:6:76:27":8,"s:77:4:77:Infinity":12,"f:80:6:80:28":9,"s:81:4:81:Infinity":13,"f:84:6:84:27":10,"s:85:4:85:Infinity":14,"f:88:2:88:11":11,"b:89:4:89:Infinity:undefined:undefined:undefined:undefined":5,"s:89:4:89:Infinity":15,"s:89:40:89:Infinity":16,"s:91:21:91:Infinity":17,"s:92:4:92:Infinity":18,"s:94:4:94:Infinity":19,"f:97:2:97:27":12,"s:98:4:98:Infinity":20,"f:101:2:101:20":13,"b:102:4:105:Infinity:undefined:undefined:undefined:undefined":6,"s:102:4:105:Infinity":21,"b:102:8:102:48:102:48:102:89":7,"s:103:6:103:Infinity":22,"s:104:6:104:Infinity":23,"f:108:2:108:20":14,"b:109:4:112:Infinity:undefined:undefined:undefined:undefined":8,"s:109:4:112:Infinity":24,"s:110:6:110:Infinity":25,"s:111:6:111:Infinity":26,"f:115:2:115:21":15,"b:116:4:119:Infinity:undefined:undefined:undefined:undefined":9,"s:116:4:119:Infinity":27,"s:117:6:117:Infinity":28,"s:118:6:118:Infinity":29,"f:122:2:122:26":16,"b:123:4:126:Infinity:undefined:undefined:undefined:undefined":10,"s:123:4:126:Infinity":30,"s:124:6:124:Infinity":31,"s:125:6:125:Infinity":32,"f:129:2:129:25":17,"b:130:4:133:Infinity:undefined:undefined:undefined:undefined":11,"s:130:4:133:Infinity":33,"s:131:6:131:Infinity":34,"s:132:6:132:Infinity":35,"f:136:2:136:11":18,"b:136:28:136:37":12,"s:137:4:137:Infinity":36,"s:138:4:138:Infinity":37,"b:140:4:142:Infinity:undefined:undefined:undefined:undefined":13,"s:140:4:142:Infinity":38,"s:141:6:141:Infinity":39,"f:145:2:145:10":19,"s:146:4:146:Infinity":40,"s:147:4:147:Infinity":41,"f:150:2:150:12":20,"b:151:4:155:Infinity:undefined:undefined:undefined:undefined":14,"s:151:4:155:Infinity":42,"s:152:6:152:Infinity":43,"s:153:6:153:Infinity":44,"s:154:6:154:Infinity":45,"s:156:4:156:Infinity":46,"f:159:2:159:11":21,"s:160:4:160:Infinity":47,"s:161:4:161:Infinity":48,"f:164:2:164:22":22,"s:165:4:165:Infinity":49,"s:166:4:166:Infinity":50,"b:168:4:170:Infinity:undefined:undefined:undefined:undefined":15,"s:168:4:170:Infinity":51,"s:169:6:169:Infinity":52,"f:173:2:173:10":23,"s:174:4:174:Infinity":53,"s:175:4:175:Infinity":54,"f:178:2:178:8":24,"s:179:24:179:Infinity":55,"b:179:24:179:34:179:34:179:Infinity":16,"s:180:4:180:Infinity":56,"s:181:4:181:Infinity":57,"f:184:2:184:18":25,"s:185:4:185:Infinity":58,"s:186:4:186:Infinity":59,"s:187:4:187:Infinity":60,"f:190:2:190:16":26,"s:191:4:191:Infinity":61,"f:194:2:194:17":27,"s:195:4:195:Infinity":62,"f:198:2:198:5":28,"b:199:4:201:Infinity:undefined:undefined:undefined:undefined":17,"s:199:4:201:Infinity":63,"s:200:6:200:Infinity":64,"s:202:4:202:Infinity":65,"f:205:2:205:6":29,"s:206:21:206:Infinity":66,"b:207:4:209:Infinity:undefined:undefined:undefined:undefined":18,"s:207:4:209:Infinity":67,"s:208:6:208:Infinity":68,"s:210:4:210:Infinity":69,"f:213:2:213:7":30,"s:214:47:217:Infinity":70,"f:214:47:214:48":31,"s:215:6:215:Infinity":71,"s:216:6:216:Infinity":72,"s:218:4:218:Infinity":73,"f:221:10:221:28":32,"s:222:4:224:Infinity":74,"f:222:38:222:39":33,"s:223:6:223:Infinity":75,"f:227:10:227:20":34,"s:228:21:228:Infinity":76,"b:229:4:233:Infinity:undefined:undefined:undefined:undefined":19,"s:229:4:233:Infinity":77,"s:230:6:232:Infinity":78,"f:230:23:230:24":35,"s:231:8:231:Infinity":79,"f:236:2:236:28":36,"s:237:4:237:Infinity":80,"s:238:4:238:Infinity":81,"f:245:2:245:18":37,"s:246:4:246:Infinity":82,"s:247:4:247:Infinity":83,"s:248:4:248:Infinity":84}}}
,"C:\\Users\\GamePC\\AppData\\Local\\Temp\\vibe-kanban\\worktrees\\c988-make-sure-the-ga\\tower defence game\\src\\map\\types.ts": {"path":"C:\\Users\\GamePC\\AppData\\Local\\Temp\\vibe-kanban\\worktrees\\c988-make-sure-the-ga\\tower defence game\\src\\map\\types.ts","statementMap":{"0":{"start":{"line":1,"column":7},"end":{"line":1,"column":null}},"1":{"start":{"line":2,"column":2},"end":{"line":2,"column":null}},"2":{"start":{"line":3,"column":2},"end":{"line":3,"column":null}},"3":{"start":{"line":4,"column":2},"end":{"line":4,"column":null}},"4":{"start":{"line":5,"column":2},"end":{"line":5,"column":null}},"5":{"start":{"line":6,"column":2},"end":{"line":6,"column":null}},"6":{"start":{"line":7,"column":2},"end":{"line":7,"column":null}},"7":{"start":{"line":1,"column":12},"end":{"line":1,"column":null}},"8":{"start":{"line":41,"column":58},"end":{"line":72,"column":null}},"9":{"start":{"line":74,"column":53},"end":{"line":81,"column":null}}},"fnMap":{"0":{"name":"(anonymous_0)","decl":{"start":{"line":1,"column":7},"end":{"line":1,"column":12}},"loc":{"start":{"line":1,"column":7},"end":{"line":1,"column":null}},"line":1}},"branchMap":{"0":{"loc":{"start":{"line":1,"column":12},"end":{"line":1,"column":null}},"type":"binary-expr","locations":[{"start":{"line":1,"column":12},"end":{"line":1,"column":null}},{"start":{"line":1,"column":12},"end":{"line":1,"column":null}}],"line":1}},"s":{"0":1,"1":1,"2":1,"3":1,"4":1,"5":1,"6":1,"7":1,"8":1,"9":1},"f":{"0":1},"b":{"0":[1,1]},"meta":{"lastBranch":1,"lastFunction":1,"lastStatement":10,"seen":{"s:1:7:1:Infinity":0,"f:1:7:1:12":0,"s:2:2:2:Infinity":1,"s:3:2:3:Infinity":2,"s:4:2:4:Infinity":3,"s:5:2:5:Infinity":4,"s:6:2:6:Infinity":5,"s:7:2:7:Infinity":6,"s:1:12:1:Infinity":7,"b:1:12:1:Infinity:1:12:1:Infinity":0,"s:41:58:72:Infinity":8,"s:74:53:81:Infinity":9}}}
,"C:\\Users\\GamePC\\AppData\\Local\\Temp\\vibe-kanban\\worktrees\\c988-make-sure-the-ga\\tower defence game\\src\\systems\\ObjectPool.ts": {"path":"C:\\Users\\GamePC\\AppData\\Local\\Temp\\vibe-kanban\\worktrees\\c988-make-sure-the-ga\\tower defence game\\src\\systems\\ObjectPool.ts","statementMap":{"0":{"start":{"line":14,"column":22},"end":{"line":14,"column":null}},"1":{"start":{"line":15,"column":34},"end":{"line":15,"column":null}},"2":{"start":{"line":33,"column":4},"end":{"line":33,"column":null}},"3":{"start":{"line":34,"column":4},"end":{"line":34,"column":null}},"4":{"start":{"line":35,"column":4},"end":{"line":35,"column":null}},"5":{"start":{"line":38,"column":4},"end":{"line":40,"column":null}},"6":{"start":{"line":38,"column":17},"end":{"line":38,"column":20}},"7":{"start":{"line":39,"column":6},"end":{"line":39,"column":null}},"8":{"start":{"line":50,"column":4},"end":{"line":54,"column":null}},"9":{"start":{"line":51,"column":6},"end":{"line":51,"column":null}},"10":{"start":{"line":53,"column":6},"end":{"line":53,"column":null}},"11":{"start":{"line":56,"column":4},"end":{"line":56,"column":null}},"12":{"start":{"line":57,"column":4},"end":{"line":57,"column":null}},"13":{"start":{"line":65,"column":4},"end":{"line":68,"column":null}},"14":{"start":{"line":66,"column":6},"end":{"line":66,"column":null}},"15":{"start":{"line":67,"column":6},"end":{"line":67,"column":null}},"16":{"start":{"line":70,"column":4},"end":{"line":70,"column":null}},"17":{"start":{"line":73,"column":4},"end":{"line":77,"column":null}},"18":{"start":{"line":74,"column":6},"end":{"line":74,"column":null}},"19":{"start":{"line":75,"column":4},"end":{"line":77,"column":null}},"20":{"start":{"line":76,"column":6},"end":{"line":76,"column":null}},"21":{"start":{"line":80,"column":4},"end":{"line":82,"column":null}},"22":{"start":{"line":81,"column":6},"end":{"line":81,"column":null}},"23":{"start":{"line":89,"column":4},"end":{"line":99,"column":null}},"24":{"start":{"line":90,"column":6},"end":{"line":94,"column":null}},"25":{"start":{"line":91,"column":8},"end":{"line":91,"column":null}},"26":{"start":{"line":92,"column":6},"end":{"line":94,"column":null}},"27":{"start":{"line":93,"column":8},"end":{"line":93,"column":null}},"28":{"start":{"line":96,"column":6},"end":{"line":98,"column":null}},"29":{"start":{"line":97,"column":8},"end":{"line":97,"column":null}},"30":{"start":{"line":100,"column":4},"end":{"line":100,"column":null}},"31":{"start":{"line":108,"column":4},"end":{"line":115,"column":null}},"32":{"start":{"line":109,"column":6},"end":{"line":111,"column":null}},"33":{"start":{"line":110,"column":8},"end":{"line":110,"column":null}},"34":{"start":{"line":112,"column":6},"end":{"line":114,"column":null}},"35":{"start":{"line":113,"column":8},"end":{"line":113,"column":null}},"36":{"start":{"line":117,"column":4},"end":{"line":117,"column":null}},"37":{"start":{"line":118,"column":4},"end":{"line":118,"column":null}},"38":{"start":{"line":125,"column":4},"end":{"line":125,"column":null}},"39":{"start":{"line":132,"column":4},"end":{"line":132,"column":null}},"40":{"start":{"line":139,"column":4},"end":{"line":139,"column":null}},"41":{"start":{"line":146,"column":19},"end":{"line":146,"column":null}},"42":{"start":{"line":147,"column":4},"end":{"line":149,"column":null}},"43":{"start":{"line":147,"column":17},"end":{"line":147,"column":20}},"44":{"start":{"line":148,"column":6},"end":{"line":148,"column":null}}},"fnMap":{"0":{"name":"(anonymous_0)","decl":{"start":{"line":27,"column":2},"end":{"line":27,"column":null}},"loc":{"start":{"line":32,"column":4},"end":{"line":41,"column":null}},"line":32},"1":{"name":"(anonymous_1)","decl":{"start":{"line":47,"column":2},"end":{"line":47,"column":15}},"loc":{"start":{"line":47,"column":15},"end":{"line":58,"column":null}},"line":47},"2":{"name":"(anonymous_2)","decl":{"start":{"line":64,"column":2},"end":{"line":64,"column":10}},"loc":{"start":{"line":64,"column":24},"end":{"line":83,"column":null}},"line":64},"3":{"name":"(anonymous_3)","decl":{"start":{"line":88,"column":2},"end":{"line":88,"column":21}},"loc":{"start":{"line":88,"column":21},"end":{"line":101,"column":null}},"line":88},"4":{"name":"(anonymous_4)","decl":{"start":{"line":107,"column":2},"end":{"line":107,"column":8}},"loc":{"start":{"line":107,"column":44},"end":{"line":119,"column":null}},"line":107},"5":{"name":"(anonymous_5)","decl":{"start":{"line":124,"column":6},"end":{"line":124,"column":31}},"loc":{"start":{"line":124,"column":31},"end":{"line":126,"column":null}},"line":124},"6":{"name":"(anonymous_6)","decl":{"start":{"line":131,"column":6},"end":{"line":131,"column":28}},"loc":{"start":{"line":131,"column":28},"end":{"line":133,"column":null}},"line":131},"7":{"name":"(anonymous_7)","decl":{"start":{"line":138,"column":6},"end":{"line":138,"column":27}},"loc":{"start":{"line":138,"column":27},"end":{"line":140,"column":null}},"line":138},"8":{"name":"(anonymous_8)","decl":{"start":{"line":145,"column":2},"end":{"line":145,"column":10}},"loc":{"start":{"line":145,"column":37},"end":{"line":150,"column":null}},"line":145}},"branchMap":{"0":{"loc":{"start":{"line":29,"column":4},"end":{"line":29,"column":null}},"type":"default-arg","locations":[{"start":{"line":29,"column":26},"end":{"line":29,"column":null}}],"line":29},"1":{"loc":{"start":{"line":30,"column":4},"end":{"line":30,"column":null}},"type":"default-arg","locations":[{"start":{"line":30,"column":22},"end":{"line":30,"column":null}}],"line":30},"2":{"loc":{"start":{"line":50,"column":4},"end":{"line":54,"column":null}},"type":"if","locations":[{"start":{"line":50,"column":4},"end":{"line":54,"column":null}},{"start":{"line":52,"column":11},"end":{"line":54,"column":null}}],"line":50},"3":{"loc":{"start":{"line":65,"column":4},"end":{"line":68,"column":null}},"type":"if","locations":[{"start":{"line":65,"column":4},"end":{"line":68,"column":null}},{"start":{},"end":{}}],"line":65},"4":{"loc":{"start":{"line":73,"column":4},"end":{"line":77,"column":null}},"type":"if","locations":[{"start":{"line":73,"column":4},"end":{"line":77,"column":null}},{"start":{"line":75,"column":4},"end":{"line":77,"column":null}}],"line":73},"5":{"loc":{"start":{"line":75,"column":4},"end":{"line":77,"column":null}},"type":"if","locations":[{"start":{"line":75,"column":4},"end":{"line":77,"column":null}},{"start":{},"end":{}}],"line":75},"6":{"loc":{"start":{"line":80,"column":4},"end":{"line":82,"column":null}},"type":"if","locations":[{"start":{"line":80,"column":4},"end":{"line":82,"column":null}},{"start":{},"end":{}}],"line":80},"7":{"loc":{"start":{"line":90,"column":6},"end":{"line":94,"column":null}},"type":"if","locations":[{"start":{"line":90,"column":6},"end":{"line":94,"column":null}},{"start":{"line":92,"column":6},"end":{"line":94,"column":null}}],"line":90},"8":{"loc":{"start":{"line":92,"column":6},"end":{"line":94,"column":null}},"type":"if","locations":[{"start":{"line":92,"column":6},"end":{"line":94,"column":null}},{"start":{},"end":{}}],"line":92},"9":{"loc":{"start":{"line":96,"column":6},"end":{"line":98,"column":null}},"type":"if","locations":[{"start":{"line":96,"column":6},"end":{"line":98,"column":null}},{"start":{},"end":{}}],"line":96},"10":{"loc":{"start":{"line":108,"column":4},"end":{"line":115,"column":null}},"type":"if","locations":[{"start":{"line":108,"column":4},"end":{"line":115,"column":null}},{"start":{},"end":{}}],"line":108}},"s":{"0":20,"1":20,"2":20,"3":20,"4":20,"5":20,"6":20,"7":82,"8":21,"9":20,"10":1,"11":21,"12":21,"13":7,"14":1,"15":1,"16":6,"17":6,"18":1,"19":5,"20":1,"21":6,"22":6,"23":2,"24":5,"25":0,"26":5,"27":2,"28":5,"29":5,"30":2,"31":2,"32":1,"33":2,"34":1,"35":1,"36":2,"37":2,"38":6,"39":7,"40":5,"41":3,"42":3,"43":3,"44":7},"f":{"0":20,"1":21,"2":7,"3":2,"4":2,"5":6,"6":7,"7":5,"8":3},"b":{"0":[20],"1":[20],"2":[20,1],"3":[1,6],"4":[1,5],"5":[1,4],"6":[6,0],"7":[0,5],"8":[2,3],"9":[5,0],"10":[1,1]},"meta":{"lastBranch":11,"lastFunction":9,"lastStatement":45,"seen":{"s:14:22:14:Infinity":0,"s:15:34:15:Infinity":1,"f:27:2:27:Infinity":0,"b:29:26:29:Infinity":0,"b:30:22:30:Infinity":1,"s:33:4:33:Infinity":2,"s:34:4:34:Infinity":3,"s:35:4:35:Infinity":4,"s:38:4:40:Infinity":5,"s:38:17:38:20":6,"s:39:6:39:Infinity":7,"f:47:2:47:15":1,"b:50:4:54:Infinity:52:11:54:Infinity":2,"s:50:4:54:Infinity":8,"s:51:6:51:Infinity":9,"s:53:6:53:Infinity":10,"s:56:4:56:Infinity":11,"s:57:4:57:Infinity":12,"f:64:2:64:10":2,"b:65:4:68:Infinity:undefined:undefined:undefined:undefined":3,"s:65:4:68:Infinity":13,"s:66:6:66:Infinity":14,"s:67:6:67:Infinity":15,"s:70:4:70:Infinity":16,"b:73:4:77:Infinity:75:4:77:Infinity":4,"s:73:4:77:Infinity":17,"s:74:6:74:Infinity":18,"b:75:4:77:Infinity:undefined:undefined:undefined:undefined":5,"s:75:4:77:Infinity":19,"s:76:6:76:Infinity":20,"b:80:4:82:Infinity:undefined:undefined:undefined:undefined":6,"s:80:4:82:Infinity":21,"s:81:6:81:Infinity":22,"f:88:2:88:21":3,"s:89:4:99:Infinity":23,"b:90:6:94:Infinity:92:6:94:Infinity":7,"s:90:6:94:Infinity":24,"s:91:8:91:Infinity":25,"b:92:6:94:Infinity:undefined:undefined:undefined:undefined":8,"s:92:6:94:Infinity":26,"s:93:8:93:Infinity":27,"b:96:6:98:Infinity:undefined:undefined:undefined:undefined":9,"s:96:6:98:Infinity":28,"s:97:8:97:Infinity":29,"s:100:4:100:Infinity":30,"f:107:2:107:8":4,"b:108:4:115:Infinity:undefined:undefined:undefined:undefined":10,"s:108:4:115:Infinity":31,"s:109:6:111:Infinity":32,"s:110:8:110:Infinity":33,"s:112:6:114:Infinity":34,"s:113:8:113:Infinity":35,"s:117:4:117:Infinity":36,"s:118:4:118:Infinity":37,"f:124:6:124:31":5,"s:125:4:125:Infinity":38,"f:131:6:131:28":6,"s:132:4:132:Infinity":39,"f:138:6:138:27":7,"s:139:4:139:Infinity":40,"f:145:2:145:10":8,"s:146:19:146:Infinity":41,"s:147:4:149:Infinity":42,"s:147:17:147:20":43,"s:148:6:148:Infinity":44}}}
,"C:\\Users\\GamePC\\AppData\\Local\\Temp\\vibe-kanban\\worktrees\\c988-make-sure-the-ga\\tower defence game\\src\\systems\\SpatialGrid.ts": {"path":"C:\\Users\\GamePC\\AppData\\Local\\Temp\\vibe-kanban\\worktrees\\c988-make-sure-the-ga\\tower defence game\\src\\systems\\SpatialGrid.ts","statementMap":{"0":{"start":{"line":19,"column":39},"end":{"line":19,"column":null}},"1":{"start":{"line":20,"column":45},"end":{"line":20,"column":null}},"2":{"start":{"line":29,"column":4},"end":{"line":29,"column":null}},"3":{"start":{"line":30,"column":4},"end":{"line":30,"column":null}},"4":{"start":{"line":31,"column":4},"end":{"line":31,"column":null}},"5":{"start":{"line":38,"column":16},"end":{"line":38,"column":null}},"6":{"start":{"line":39,"column":16},"end":{"line":39,"column":null}},"7":{"start":{"line":41,"column":23},"end":{"line":41,"column":null}},"8":{"start":{"line":42,"column":23},"end":{"line":42,"column":null}},"9":{"start":{"line":43,"column":4},"end":{"line":43,"column":null}},"10":{"start":{"line":50,"column":30},"end":{"line":50,"column":null}},"11":{"start":{"line":52,"column":19},"end":{"line":52,"column":null}},"12":{"start":{"line":53,"column":19},"end":{"line":53,"column":null}},"13":{"start":{"line":54,"column":19},"end":{"line":54,"column":null}},"14":{"start":{"line":55,"column":19},"end":{"line":55,"column":null}},"15":{"start":{"line":57,"column":4},"end":{"line":61,"column":null}},"16":{"start":{"line":57,"column":19},"end":{"line":57,"column":27}},"17":{"start":{"line":58,"column":6},"end":{"line":60,"column":null}},"18":{"start":{"line":58,"column":21},"end":{"line":58,"column":29}},"19":{"start":{"line":59,"column":8},"end":{"line":59,"column":null}},"20":{"start":{"line":63,"column":4},"end":{"line":63,"column":null}},"21":{"start":{"line":72,"column":24},"end":{"line":72,"column":null}},"22":{"start":{"line":75,"column":4},"end":{"line":77,"column":null}},"23":{"start":{"line":76,"column":6},"end":{"line":76,"column":null}},"24":{"start":{"line":78,"column":26},"end":{"line":78,"column":null}},"25":{"start":{"line":80,"column":4},"end":{"line":86,"column":null}},"26":{"start":{"line":81,"column":6},"end":{"line":83,"column":null}},"27":{"start":{"line":82,"column":8},"end":{"line":82,"column":null}},"28":{"start":{"line":84,"column":6},"end":{"line":84,"column":null}},"29":{"start":{"line":85,"column":6},"end":{"line":85,"column":null}},"30":{"start":{"line":94,"column":20},"end":{"line":94,"column":null}},"31":{"start":{"line":95,"column":4},"end":{"line":95,"column":null}},"32":{"start":{"line":95,"column":18},"end":{"line":95,"column":null}},"33":{"start":{"line":97,"column":4},"end":{"line":105,"column":null}},"34":{"start":{"line":98,"column":19},"end":{"line":98,"column":null}},"35":{"start":{"line":99,"column":6},"end":{"line":104,"column":null}},"36":{"start":{"line":100,"column":8},"end":{"line":100,"column":null}},"37":{"start":{"line":101,"column":8},"end":{"line":103,"column":null}},"38":{"start":{"line":102,"column":10},"end":{"line":102,"column":null}},"39":{"start":{"line":107,"column":4},"end":{"line":107,"column":null}},"40":{"start":{"line":117,"column":27},"end":{"line":117,"column":null}},"41":{"start":{"line":118,"column":23},"end":{"line":118,"column":null}},"42":{"start":{"line":120,"column":4},"end":{"line":124,"column":null}},"43":{"start":{"line":122,"column":6},"end":{"line":122,"column":null}},"44":{"start":{"line":123,"column":6},"end":{"line":123,"column":null}},"45":{"start":{"line":127,"column":4},"end":{"line":138,"column":null}},"46":{"start":{"line":128,"column":6},"end":{"line":137,"column":null}},"47":{"start":{"line":129,"column":21},"end":{"line":129,"column":null}},"48":{"start":{"line":130,"column":8},"end":{"line":135,"column":null}},"49":{"start":{"line":131,"column":10},"end":{"line":131,"column":null}},"50":{"start":{"line":132,"column":10},"end":{"line":134,"column":null}},"51":{"start":{"line":133,"column":12},"end":{"line":133,"column":null}},"52":{"start":{"line":136,"column":8},"end":{"line":136,"column":null}},"53":{"start":{"line":141,"column":4},"end":{"line":149,"column":null}},"54":{"start":{"line":142,"column":6},"end":{"line":148,"column":null}},"55":{"start":{"line":143,"column":8},"end":{"line":145,"column":null}},"56":{"start":{"line":144,"column":10},"end":{"line":144,"column":null}},"57":{"start":{"line":146,"column":8},"end":{"line":146,"column":null}},"58":{"start":{"line":147,"column":8},"end":{"line":147,"column":null}},"59":{"start":{"line":159,"column":24},"end":{"line":159,"column":null}},"60":{"start":{"line":160,"column":23},"end":{"line":160,"column":null}},"61":{"start":{"line":162,"column":4},"end":{"line":171,"column":null}},"62":{"start":{"line":163,"column":19},"end":{"line":163,"column":null}},"63":{"start":{"line":164,"column":6},"end":{"line":170,"column":null}},"64":{"start":{"line":165,"column":8},"end":{"line":169,"column":null}},"65":{"start":{"line":166,"column":10},"end":{"line":168,"column":null}},"66":{"start":{"line":167,"column":12},"end":{"line":167,"column":null}},"67":{"start":{"line":173,"column":4},"end":{"line":173,"column":null}},"68":{"start":{"line":183,"column":4},"end":{"line":191,"column":null}},"69":{"start":{"line":198,"column":18},"end":{"line":198,"column":null}},"70":{"start":{"line":199,"column":17},"end":{"line":199,"column":null}},"71":{"start":{"line":200,"column":4},"end":{"line":200,"column":null}},"72":{"start":{"line":207,"column":4},"end":{"line":207,"column":null}},"73":{"start":{"line":208,"column":4},"end":{"line":208,"column":null}},"74":{"start":{"line":215,"column":4},"end":{"line":215,"column":null}},"75":{"start":{"line":222,"column":4},"end":{"line":222,"column":null}},"76":{"start":{"line":234,"column":28},"end":{"line":234,"column":null}},"77":{"start":{"line":235,"column":24},"end":{"line":235,"column":null}},"78":{"start":{"line":237,"column":4},"end":{"line":240,"column":null}},"79":{"start":{"line":238,"column":6},"end":{"line":238,"column":null}},"80":{"start":{"line":239,"column":6},"end":{"line":239,"column":null}},"81":{"start":{"line":242,"column":4},"end":{"line":247,"column":null}}},"fnMap":{"0":{"name":"(anonymous_0)","decl":{"start":{"line":28,"column":2},"end":{"line":28,"column":14}},"loc":{"start":{"line":28,"column":78},"end":{"line":32,"column":null}},"line":28},"1":{"name":"(anonymous_1)","decl":{"start":{"line":37,"column":10},"end":{"line":37,"column":23}},"loc":{"start":{"line":37,"column":53},"end":{"line":44,"column":null}},"line":37},"2":{"name":"(anonymous_2)","decl":{"start":{"line":49,"column":10},"end":{"line":49,"column":25}},"loc":{"start":{"line":49,"column":51},"end":{"line":64,"column":null}},"line":49},"3":{"name":"(anonymous_3)","decl":{"start":{"line":71,"column":2},"end":{"line":71,"column":9}},"loc":{"start":{"line":71,"column":42},"end":{"line":87,"column":null}},"line":71},"4":{"name":"(anonymous_4)","decl":{"start":{"line":93,"column":2},"end":{"line":93,"column":9}},"loc":{"start":{"line":93,"column":26},"end":{"line":108,"column":null}},"line":93},"5":{"name":"(anonymous_5)","decl":{"start":{"line":116,"column":2},"end":{"line":116,"column":9}},"loc":{"start":{"line":116,"column":42},"end":{"line":150,"column":null}},"line":116},"6":{"name":"(anonymous_6)","decl":{"start":{"line":158,"column":2},"end":{"line":158,"column":8}},"loc":{"start":{"line":158,"column":42},"end":{"line":174,"column":null}},"line":158},"7":{"name":"(anonymous_7)","decl":{"start":{"line":182,"column":2},"end":{"line":182,"column":14}},"loc":{"start":{"line":182,"column":68},"end":{"line":192,"column":null}},"line":182},"8":{"name":"(anonymous_8)","decl":{"start":{"line":197,"column":2},"end":{"line":197,"column":12}},"loc":{"start":{"line":197,"column":39},"end":{"line":201,"column":null}},"line":197},"9":{"name":"(anonymous_9)","decl":{"start":{"line":206,"column":2},"end":{"line":206,"column":16}},"loc":{"start":{"line":206,"column":16},"end":{"line":209,"column":null}},"line":206},"10":{"name":"(anonymous_10)","decl":{"start":{"line":214,"column":6},"end":{"line":214,"column":28}},"loc":{"start":{"line":214,"column":28},"end":{"line":216,"column":null}},"line":214},"11":{"name":"(anonymous_11)","decl":{"start":{"line":221,"column":6},"end":{"line":221,"column":26}},"loc":{"start":{"line":221,"column":26},"end":{"line":223,"column":null}},"line":221},"12":{"name":"(anonymous_12)","decl":{"start":{"line":228,"column":2},"end":{"line":228,"column":null}},"loc":{"start":{"line":233,"column":4},"end":{"line":248,"column":null}},"line":233}},"branchMap":{"0":{"loc":{"start":{"line":28,"column":55},"end":{"line":28,"column":78}},"type":"default-arg","locations":[{"start":{"line":28,"column":74},"end":{"line":28,"column":78}}],"line":28},"1":{"loc":{"start":{"line":75,"column":4},"end":{"line":77,"column":null}},"type":"if","locations":[{"start":{"line":75,"column":4},"end":{"line":77,"column":null}},{"start":{},"end":{}}],"line":75},"2":{"loc":{"start":{"line":81,"column":6},"end":{"line":83,"column":null}},"type":"if","locations":[{"start":{"line":81,"column":6},"end":{"line":83,"column":null}},{"start":{},"end":{}}],"line":81},"3":{"loc":{"start":{"line":95,"column":4},"end":{"line":95,"column":null}},"type":"if","locations":[{"start":{"line":95,"column":4},"end":{"line":95,"column":null}},{"start":{},"end":{}}],"line":95},"4":{"loc":{"start":{"line":99,"column":6},"end":{"line":104,"column":null}},"type":"if","locations":[{"start":{"line":99,"column":6},"end":{"line":104,"column":null}},{"start":{},"end":{}}],"line":99},"5":{"loc":{"start":{"line":101,"column":8},"end":{"line":103,"column":null}},"type":"if","locations":[{"start":{"line":101,"column":8},"end":{"line":103,"column":null}},{"start":{},"end":{}}],"line":101},"6":{"loc":{"start":{"line":120,"column":4},"end":{"line":124,"column":null}},"type":"if","locations":[{"start":{"line":120,"column":4},"end":{"line":124,"column":null}},{"start":{},"end":{}}],"line":120},"7":{"loc":{"start":{"line":128,"column":6},"end":{"line":137,"column":null}},"type":"if","locations":[{"start":{"line":128,"column":6},"end":{"line":137,"column":null}},{"start":{},"end":{}}],"line":128},"8":{"loc":{"start":{"line":130,"column":8},"end":{"line":135,"column":null}},"type":"if","locations":[{"start":{"line":130,"column":8},"end":{"line":135,"column":null}},{"start":{},"end":{}}],"line":130},"9":{"loc":{"start":{"line":132,"column":10},"end":{"line":134,"column":null}},"type":"if","locations":[{"start":{"line":132,"column":10},"end":{"line":134,"column":null}},{"start":{},"end":{}}],"line":132},"10":{"loc":{"start":{"line":142,"column":6},"end":{"line":148,"column":null}},"type":"if","locations":[{"start":{"line":142,"column":6},"end":{"line":148,"column":null}},{"start":{},"end":{}}],"line":142},"11":{"loc":{"start":{"line":143,"column":8},"end":{"line":145,"column":null}},"type":"if","locations":[{"start":{"line":143,"column":8},"end":{"line":145,"column":null}},{"start":{},"end":{}}],"line":143},"12":{"loc":{"start":{"line":164,"column":6},"end":{"line":170,"column":null}},"type":"if","locations":[{"start":{"line":164,"column":6},"end":{"line":170,"column":null}},{"start":{},"end":{}}],"line":164},"13":{"loc":{"start":{"line":166,"column":10},"end":{"line":168,"column":null}},"type":"if","locations":[{"start":{"line":166,"column":10},"end":{"line":168,"column":null}},{"start":{},"end":{}}],"line":166},"14":{"loc":{"start":{"line":200,"column":11},"end":{"line":200,"column":null}},"type":"cond-expr","locations":[{"start":{"line":200,"column":18},"end":{"line":200,"column":37}},{"start":{"line":200,"column":37},"end":{"line":200,"column":null}}],"line":200},"15":{"loc":{"start":{"line":245,"column":26},"end":{"line":245,"column":null}},"type":"cond-expr","locations":[{"start":{"line":245,"column":48},"end":{"line":245,"column":82}},{"start":{"line":245,"column":82},"end":{"line":245,"column":null}}],"line":245}},"s":{"0":26,"1":26,"2":26,"3":26,"4":26,"5":2,"6":2,"7":2,"8":2,"9":2,"10":52,"11":52,"12":52,"13":52,"14":52,"15":52,"16":52,"17":79,"18":79,"19":135,"20":52,"21":40,"22":40,"23":40,"24":40,"25":40,"26":83,"27":74,"28":83,"29":83,"30":3,"31":3,"32":1,"33":2,"34":2,"35":2,"36":2,"37":2,"38":2,"39":2,"40":3,"41":3,"42":3,"43":1,"44":1,"45":2,"46":2,"47":1,"48":1,"49":1,"50":1,"51":1,"52":1,"53":2,"54":2,"55":1,"56":1,"57":1,"58":1,"59":9,"60":9,"61":9,"62":49,"63":49,"64":22,"65":30,"66":24,"67":9,"68":2,"69":2,"70":2,"71":2,"72":1,"73":1,"74":11,"75":6,"76":2,"77":2,"78":2,"79":5,"80":5,"81":2},"f":{"0":26,"1":2,"2":52,"3":40,"4":3,"5":3,"6":9,"7":2,"8":2,"9":1,"10":11,"11":6,"12":2},"b":{"0":[26],"1":[40,0],"2":[74,9],"3":[1,2],"4":[2,0],"5":[2,0],"6":[1,2],"7":[1,1],"8":[1,0],"9":[1,0],"10":[1,1],"11":[1,0],"12":[22,27],"13":[24,6],"14":[1,1],"15":[1,1]},"meta":{"lastBranch":16,"lastFunction":13,"lastStatement":82,"seen":{"s:19:39:19:Infinity":0,"s:20:45:20:Infinity":1,"f:28:2:28:14":0,"b:28:74:28:78":0,"s:29:4:29:Infinity":2,"s:30:4:30:Infinity":3,"s:31:4:31:Infinity":4,"f:37:10:37:23":1,"s:38:16:38:Infinity":5,"s:39:16:39:Infinity":6,"s:41:23:41:Infinity":7,"s:42:23:42:Infinity":8,"s:43:4:43:Infinity":9,"f:49:10:49:25":2,"s:50:30:50:Infinity":10,"s:52:19:52:Infinity":11,"s:53:19:53:Infinity":12,"s:54:19:54:Infinity":13,"s:55:19:55:Infinity":14,"s:57:4:61:Infinity":15,"s:57:19:57:27":16,"s:58:6:60:Infinity":17,"s:58:21:58:29":18,"s:59:8:59:Infinity":19,"s:63:4:63:Infinity":20,"f:71:2:71:9":3,"s:72:24:72:Infinity":21,"b:75:4:77:Infinity:undefined:undefined:undefined:undefined":1,"s:75:4:77:Infinity":22,"s:76:6:76:Infinity":23,"s:78:26:78:Infinity":24,"s:80:4:86:Infinity":25,"b:81:6:83:Infinity:undefined:undefined:undefined:undefined":2,"s:81:6:83:Infinity":26,"s:82:8:82:Infinity":27,"s:84:6:84:Infinity":28,"s:85:6:85:Infinity":29,"f:93:2:93:9":4,"s:94:20:94:Infinity":30,"b:95:4:95:Infinity:undefined:undefined:undefined:undefined":3,"s:95:4:95:Infinity":31,"s:95:18:95:Infinity":32,"s:97:4:105:Infinity":33,"s:98:19:98:Infinity":34,"b:99:6:104:Infinity:undefined:undefined:undefined:undefined":4,"s:99:6:104:Infinity":35,"s:100:8:100:Infinity":36,"b:101:8:103:Infinity:undefined:undefined:undefined:undefined":5,"s:101:8:103:Infinity":37,"s:102:10:102:Infinity":38,"s:107:4:107:Infinity":39,"f:116:2:116:9":5,"s:117:27:117:Infinity":40,"s:118:23:118:Infinity":41,"b:120:4:124:Infinity:undefined:undefined:undefined:undefined":6,"s:120:4:124:Infinity":42,"s:122:6:122:Infinity":43,"s:123:6:123:Infinity":44,"s:127:4:138:Infinity":45,"b:128:6:137:Infinity:undefined:undefined:undefined:undefined":7,"s:128:6:137:Infinity":46,"s:129:21:129:Infinity":47,"b:130:8:135:Infinity:undefined:undefined:undefined:undefined":8,"s:130:8:135:Infinity":48,"s:131:10:131:Infinity":49,"b:132:10:134:Infinity:undefined:undefined:undefined:undefined":9,"s:132:10:134:Infinity":50,"s:133:12:133:Infinity":51,"s:136:8:136:Infinity":52,"s:141:4:149:Infinity":53,"b:142:6:148:Infinity:undefined:undefined:undefined:undefined":10,"s:142:6:148:Infinity":54,"b:143:8:145:Infinity:undefined:undefined:undefined:undefined":11,"s:143:8:145:Infinity":55,"s:144:10:144:Infinity":56,"s:146:8:146:Infinity":57,"s:147:8:147:Infinity":58,"f:158:2:158:8":6,"s:159:24:159:Infinity":59,"s:160:23:160:Infinity":60,"s:162:4:171:Infinity":61,"s:163:19:163:Infinity":62,"b:164:6:170:Infinity:undefined:undefined:undefined:undefined":12,"s:164:6:170:Infinity":63,"s:165:8:169:Infinity":64,"b:166:10:168:Infinity:undefined:undefined:undefined:undefined":13,"s:166:10:168:Infinity":65,"s:167:12:167:Infinity":66,"s:173:4:173:Infinity":67,"f:182:2:182:14":7,"s:183:4:191:Infinity":68,"f:197:2:197:12":8,"s:198:18:198:Infinity":69,"s:199:17:199:Infinity":70,"s:200:4:200:Infinity":71,"b:200:18:200:37:200:37:200:Infinity":14,"f:206:2:206:16":9,"s:207:4:207:Infinity":72,"s:208:4:208:Infinity":73,"f:214:6:214:28":10,"s:215:4:215:Infinity":74,"f:221:6:221:26":11,"s:222:4:222:Infinity":75,"f:228:2:228:Infinity":12,"s:234:28:234:Infinity":76,"s:235:24:235:Infinity":77,"s:237:4:240:Infinity":78,"s:238:6:238:Infinity":79,"s:239:6:239:Infinity":80,"s:242:4:247:Infinity":81,"b:245:48:245:82:245:82:245:Infinity":15}}}
,"C:\\Users\\GamePC\\AppData\\Local\\Temp\\vibe-kanban\\worktrees\\c988-make-sure-the-ga\\tower defence game\\src\\towers\\types.ts": {"path":"C:\\Users\\GamePC\\AppData\\Local\\Temp\\vibe-kanban\\worktrees\\c988-make-sure-the-ga\\tower defence game\\src\\towers\\types.ts","statementMap":{"0":{"start":{"line":1,"column":7},"end":{"line":1,"column":null}},"1":{"start":{"line":2,"column":2},"end":{"line":2,"column":null}},"2":{"start":{"line":3,"column":2},"end":{"line":3,"column":null}},"3":{"start":{"line":4,"column":2},"end":{"line":4,"column":null}},"4":{"start":{"line":1,"column":12},"end":{"line":1,"column":null}},"5":{"start":{"line":41,"column":61},"end":{"line":81,"column":null}}},"fnMap":{"0":{"name":"(anonymous_0)","decl":{"start":{"line":1,"column":7},"end":{"line":1,"column":12}},"loc":{"start":{"line":1,"column":7},"end":{"line":1,"column":null}},"line":1}},"branchMap":{"0":{"loc":{"start":{"line":1,"column":12},"end":{"line":1,"column":null}},"type":"binary-expr","locations":[{"start":{"line":1,"column":12},"end":{"line":1,"column":null}},{"start":{"line":1,"column":12},"end":{"line":1,"column":null}}],"line":1}},"s":{"0":1,"1":1,"2":1,"3":1,"4":1,"5":1},"f":{"0":1},"b":{"0":[1,1]},"meta":{"lastBranch":1,"lastFunction":1,"lastStatement":6,"seen":{"s:1:7:1:Infinity":0,"f:1:7:1:12":0,"s:2:2:2:Infinity":1,"s:3:2:3:Infinity":2,"s:4:2:4:Infinity":3,"s:1:12:1:Infinity":4,"b:1:12:1:Infinity:1:12:1:Infinity":0,"s:41:61:81:Infinity":5}}}
,"C:\\Users\\GamePC\\AppData\\Local\\Temp\\vibe-kanban\\worktrees\\c988-make-sure-the-ga\\tower defence game\\src\\types\\combat.ts": {"path":"C:\\Users\\GamePC\\AppData\\Local\\Temp\\vibe-kanban\\worktrees\\c988-make-sure-the-ga\\tower defence game\\src\\types\\combat.ts","statementMap":{"0":{"start":{"line":23,"column":7},"end":{"line":23,"column":null}},"1":{"start":{"line":24,"column":2},"end":{"line":24,"column":null}},"2":{"start":{"line":25,"column":2},"end":{"line":25,"column":null}},"3":{"start":{"line":26,"column":2},"end":{"line":26,"column":null}},"4":{"start":{"line":23,"column":12},"end":{"line":23,"column":null}},"5":{"start":{"line":47,"column":76},"end":{"line":73,"column":null}},"6":{"start":{"line":79,"column":7},"end":{"line":79,"column":null}},"7":{"start":{"line":80,"column":2},"end":{"line":80,"column":null}},"8":{"start":{"line":81,"column":2},"end":{"line":81,"column":null}},"9":{"start":{"line":82,"column":2},"end":{"line":82,"column":null}},"10":{"start":{"line":79,"column":12},"end":{"line":79,"column":null}},"11":{"start":{"line":114,"column":7},"end":{"line":114,"column":null}},"12":{"start":{"line":115,"column":2},"end":{"line":115,"column":null}},"13":{"start":{"line":116,"column":2},"end":{"line":116,"column":null}},"14":{"start":{"line":117,"column":2},"end":{"line":117,"column":null}},"15":{"start":{"line":118,"column":2},"end":{"line":118,"column":null}},"16":{"start":{"line":114,"column":12},"end":{"line":114,"column":null}}},"fnMap":{"0":{"name":"(anonymous_0)","decl":{"start":{"line":23,"column":7},"end":{"line":23,"column":12}},"loc":{"start":{"line":23,"column":7},"end":{"line":23,"column":null}},"line":23},"1":{"name":"(anonymous_1)","decl":{"start":{"line":79,"column":7},"end":{"line":79,"column":12}},"loc":{"start":{"line":79,"column":7},"end":{"line":79,"column":null}},"line":79},"2":{"name":"(anonymous_2)","decl":{"start":{"line":114,"column":7},"end":{"line":114,"column":12}},"loc":{"start":{"line":114,"column":7},"end":{"line":114,"column":null}},"line":114}},"branchMap":{"0":{"loc":{"start":{"line":23,"column":12},"end":{"line":23,"column":null}},"type":"binary-expr","locations":[{"start":{"line":23,"column":12},"end":{"line":23,"column":null}},{"start":{"line":23,"column":12},"end":{"line":23,"column":null}}],"line":23},"1":{"loc":{"start":{"line":79,"column":12},"end":{"line":79,"column":null}},"type":"binary-expr","locations":[{"start":{"line":79,"column":12},"end":{"line":79,"column":null}},{"start":{"line":79,"column":12},"end":{"line":79,"column":null}}],"line":79},"2":{"loc":{"start":{"line":114,"column":12},"end":{"line":114,"column":null}},"type":"binary-expr","locations":[{"start":{"line":114,"column":12},"end":{"line":114,"column":null}},{"start":{"line":114,"column":12},"end":{"line":114,"column":null}}],"line":114}},"s":{"0":1,"1":1,"2":1,"3":1,"4":1,"5":1,"6":1,"7":1,"8":1,"9":1,"10":1,"11":1,"12":1,"13":1,"14":1,"15":1,"16":1},"f":{"0":1,"1":1,"2":1},"b":{"0":[1,1],"1":[1,1],"2":[1,1]},"meta":{"lastBranch":3,"lastFunction":3,"lastStatement":17,"seen":{"s:23:7:23:Infinity":0,"f:23:7:23:12":0,"s:24:2:24:Infinity":1,"s:25:2:25:Infinity":2,"s:26:2:26:Infinity":3,"s:23:12:23:Infinity":4,"b:23:12:23:Infinity:23:12:23:Infinity":0,"s:47:76:73:Infinity":5,"s:79:7:79:Infinity":6,"f:79:7:79:12":1,"s:80:2:80:Infinity":7,"s:81:2:81:Infinity":8,"s:82:2:82:Infinity":9,"s:79:12:79:Infinity":10,"b:79:12:79:Infinity:79:12:79:Infinity":1,"s:114:7:114:Infinity":11,"f:114:7:114:12":2,"s:115:2:115:Infinity":12,"s:116:2:116:Infinity":13,"s:117:2:117:Infinity":14,"s:118:2:118:Infinity":15,"s:114:12:114:Infinity":16,"b:114:12:114:Infinity:114:12:114:Infinity":2}}}
}
